<?xml version="1.0" encoding="UTF-8"?>
<!-- Generated by org.testng.reporters.JUnitReportReporter -->
<testsuite skipped="0" hostname="Sreeraj" name="allureReports.ProviderRegister" tests="4" failures="0" timestamp="2020-10-16T12:32:21 IST" time="17.600" errors="0">
  <testcase name="loginTest" time="3.775" classname="allureReports.ProviderRegister"/>
  <system-out/>
  <testcase name="ProviderForm" time="10.406" classname="allureReports.ProviderRegister"/>
  <system-out/>
  <testcase name="ProviderClick" time="3.042" classname="allureReports.ProviderRegister"/>
  <system-out/>
  <testcase name="ProviderMandatoryFields" time="0.377" classname="allureReports.ProviderRegister"/>
  <system-out/>
</testsuite> <!-- allureReports.ProviderRegister -->
