<?xml version="1.0" encoding="UTF-8"?>
<!-- Generated by org.testng.reporters.JUnitReportReporter -->
<testsuite skipped="0" hostname="Sreeraj" name="allureReports.Tests" tests="6" failures="0" timestamp="2020-10-16T11:56:43 IST" time="15.079" errors="0">
  <testcase name="TestLogin" time="0.521" classname="allureReports.Tests"/>
  <system-out/>
  <testcase name="loginTest" time="1.894" classname="allureReports.Tests"/>
  <system-out/>
  <testcase name="clinicPage" time="0.234" classname="allureReports.Tests"/>
  <system-out/>
  <testcase name="clinicAlertPresent" time="11.841" classname="allureReports.Tests"/>
  <system-out/>
  <testcase name="activeProviderTab" time="0.257" classname="allureReports.Tests"/>
  <system-out/>
  <testcase name="activeHospitalTab" time="0.332" classname="allureReports.Tests"/>
  <system-out/>
</testsuite> <!-- allureReports.Tests -->
